<?xml version="1.0" encoding="UTF-8"?>
<testsuite xmlns:xsi="http://www.w3.org/2001/XMLSchema-instance" xsi:noNamespaceSchemaLocation="https://maven.apache.org/surefire/maven-surefire-plugin/xsd/surefire-test-report.xsd" name="com.example.GameTest" time="0.126" tests="14" errors="0" skipped="0" failures="0">
  <properties>
[...]
</properties>
  <testcase name="testCheckState_Playing_1" classname="com.example.GameTest" time="0.053"/>
  <testcase name="testCheckState_Draw_1" classname="com.example.GameTest" time="0.002"/>
  <testcase name="testMove_AfterGameOver" classname="com.example.GameTest" time="0.002"/>
  <testcase name="testCheckState_Playing" classname="com.example.GameTest" time="0.002"/>
  <testcase name="testGenerateMoves" classname="com.example.GameTest" time="0.002"/>
  <testcase name="testInitialGameState" classname="com.example.GameTest" time="0.002"/>
  <testcase name="testMaxMove" classname="com.example.GameTest" time="0.002"/>
  <testcase name="testMinMove" classname="com.example.GameTest" time="0.001"/>
  <testcase name="testCheckState_Draw" classname="com.example.GameTest" time="0.001"/>
  <testcase name="testCheckState_OWin" classname="com.example.GameTest" time="0.002"/>
  <testcase name="testCheckState_XWin" classname="com.example.GameTest" time="0.002"/>
  <testcase name="testEvaluatePosition_Loss" classname="com.example.GameTest" time="0.001"/>
  <testcase name="testMiniMax_BestMove" classname="com.example.GameTest" time="0.01"/>
  <testcase name="testGenerateMoves_NoMovesAvailable" classname="com.example.GameTest" time="0.002"/>
</testsuite>